<?xml version="1.0" encoding="UTF-8"?>
<!-- Generated by org.testng.reporters.JUnitXMLReporter -->
<testsuite ignored="8" hostname="DESKTOP-DUL421A" failures="1" tests="5" name="TestLeafTaps" time="65.264" errors="0" timestamp="2023-07-29T09:54:12 IST">
  <testcase classname="week5.day2.testngtest.assignmenet.leaftaps.CreateLeadsLeafTaps" name="CreateLeadTest" time="11.885"/>
  <testcase classname="week5.day2.testngtest.assignmenet.leaftaps.EditLeadsLeafTaps" name="EditLeadTest" time="12.89"/>
  <testcase classname="week5.day2.testngtest.assignmenet.leaftaps.MergeLeadsLeafTaps" name="MergeLeadTest" time="9.156">
    <failure type="org.openqa.selenium.NoSuchElementException" message="no such element: Unable to locate element: {&amp;quot;method&amp;quot;:&amp;quot;xpath&amp;quot;,&amp;quot;selector&amp;quot;:&amp;quot;//div[@class=&amp;apos;x-grid3-cell-inner x-grid3-col-partyId&amp;apos;]/a&amp;quot;}
  (Session info: chrome=115.0.5790.110)
For documentation on this error, please visit: https://selenium.dev/exceptions/#no_such_element
Build info: version: &amp;apos;4.8.3&amp;apos;, revision: &amp;apos;e5e76298c3&amp;apos;
System info: os.name: &amp;apos;Windows 10&amp;apos;, os.arch: &amp;apos;amd64&amp;apos;, os.version: &amp;apos;10.0&amp;apos;, java.version: &amp;apos;16.0.1&amp;apos;
Driver info: org.openqa.selenium.chrome.ChromeDriver
Command: [63560278172f56d92d266c36a544a997, findElement {using=xpath, value=//div[@class=&amp;apos;x-grid3-cell-inner x-grid3-col-partyId&amp;apos;]/a}]
Capabilities {acceptInsecureCerts: false, browserName: chrome, browserVersion: 115.0.5790.110, chrome: {chromedriverVersion: 114.0.5735.90 (386bc09e8f4f..., userDataDir: C:\Users\Venkat\AppData\Loc...}, goog:chromeOptions: {debuggerAddress: localhost:51653}, networkConnectionEnabled: false, pageLoadStrategy: normal, platformName: WINDOWS, proxy: Proxy(), se:cdp: ws://localhost:51653/devtoo..., se:cdpVersion: 115.0.5790.110, setWindowRect: true, strictFileInteractability: false, timeouts: {implicit: 0, pageLoad: 300000, script: 30000}, unhandledPromptBehavior: dismiss and notify, webauthn:extension:credBlob: true, webauthn:extension:largeBlob: true, webauthn:extension:minPinLength: true, webauthn:extension:prf: true, webauthn:virtualAuthenticators: true}
Session ID: 63560278172f56d92d266c36a544a997">
      <![CDATA[org.openqa.selenium.NoSuchElementException: no such element: Unable to locate element: {"method":"xpath","selector":"//div[@class='x-grid3-cell-inner x-grid3-col-partyId']/a"}
  (Session info: chrome=115.0.5790.110)
For documentation on this error, please visit: https://selenium.dev/exceptions/#no_such_element
Build info: version: '4.8.3', revision: 'e5e76298c3'
System info: os.name: 'Windows 10', os.arch: 'amd64', os.version: '10.0', java.version: '16.0.1'
Driver info: org.openqa.selenium.chrome.ChromeDriver
Command: [63560278172f56d92d266c36a544a997, findElement {using=xpath, value=//div[@class='x-grid3-cell-inner x-grid3-col-partyId']/a}]
Capabilities {acceptInsecureCerts: false, browserName: chrome, browserVersion: 115.0.5790.110, chrome: {chromedriverVersion: 114.0.5735.90 (386bc09e8f4f..., userDataDir: C:\Users\Venkat\AppData\Loc...}, goog:chromeOptions: {debuggerAddress: localhost:51653}, networkConnectionEnabled: false, pageLoadStrategy: normal, platformName: WINDOWS, proxy: Proxy(), se:cdp: ws://localhost:51653/devtoo..., se:cdpVersion: 115.0.5790.110, setWindowRect: true, strictFileInteractability: false, timeouts: {implicit: 0, pageLoad: 300000, script: 30000}, unhandledPromptBehavior: dismiss and notify, webauthn:extension:credBlob: true, webauthn:extension:largeBlob: true, webauthn:extension:minPinLength: true, webauthn:extension:prf: true, webauthn:virtualAuthenticators: true}
Session ID: 63560278172f56d92d266c36a544a997
at java.base/jdk.internal.reflect.NativeConstructorAccessorImpl.newInstance0(Native Method)
at java.base/jdk.internal.reflect.NativeConstructorAccessorImpl.newInstance(NativeConstructorAccessorImpl.java:78)
at java.base/jdk.internal.reflect.DelegatingConstructorAccessorImpl.newInstance(DelegatingConstructorAccessorImpl.java:45)
at java.base/java.lang.reflect.Constructor.newInstanceWithCaller(Constructor.java:499)
at java.base/java.lang.reflect.Constructor.newInstance(Constructor.java:480)
at org.openqa.selenium.remote.codec.w3c.W3CHttpResponseCodec.createException(W3CHttpResponseCodec.java:200)
at org.openqa.selenium.remote.codec.w3c.W3CHttpResponseCodec.decode(W3CHttpResponseCodec.java:133)
at org.openqa.selenium.remote.codec.w3c.W3CHttpResponseCodec.decode(W3CHttpResponseCodec.java:53)
at org.openqa.selenium.remote.HttpCommandExecutor.execute(HttpCommandExecutor.java:193)
at org.openqa.selenium.remote.service.DriverCommandExecutor.invokeExecute(DriverCommandExecutor.java:183)
at org.openqa.selenium.remote.service.DriverCommandExecutor.execute(DriverCommandExecutor.java:158)
at org.openqa.selenium.remote.RemoteWebDriver.execute(RemoteWebDriver.java:543)
at org.openqa.selenium.remote.ElementLocation$ElementFinder$2.findElement(ElementLocation.java:162)
at org.openqa.selenium.remote.ElementLocation.findElement(ElementLocation.java:60)
at org.openqa.selenium.remote.RemoteWebDriver.findElement(RemoteWebDriver.java:352)
at org.openqa.selenium.remote.RemoteWebDriver.findElement(RemoteWebDriver.java:344)
at week5.day2.testngtest.assignmenet.leaftaps.MergeLeadsLeafTaps.MergeLeadTest(MergeLeadsLeafTaps.java:23)
at java.base/jdk.internal.reflect.NativeMethodAccessorImpl.invoke0(Native Method)
at java.base/jdk.internal.reflect.NativeMethodAccessorImpl.invoke(NativeMethodAccessorImpl.java:78)
at java.base/jdk.internal.reflect.DelegatingMethodAccessorImpl.invoke(DelegatingMethodAccessorImpl.java:43)
at java.base/java.lang.reflect.Method.invoke(Method.java:567)
at org.testng.internal.MethodInvocationHelper.invokeMethod(MethodInvocationHelper.java:133)
at org.testng.internal.TestInvoker.invokeMethod(TestInvoker.java:598)
at org.testng.internal.TestInvoker.invokeTestMethod(TestInvoker.java:173)
at org.testng.internal.MethodRunner.runInSequence(MethodRunner.java:46)
at org.testng.internal.TestInvoker$MethodInvocationAgent.invoke(TestInvoker.java:824)
at org.testng.internal.TestInvoker.invokeTestMethods(TestInvoker.java:146)
at org.testng.internal.TestMethodWorker.invokeTestMethods(TestMethodWorker.java:146)
at org.testng.internal.TestMethodWorker.run(TestMethodWorker.java:128)
at java.base/java.util.concurrent.ThreadPoolExecutor.runWorker(ThreadPoolExecutor.java:1130)
at java.base/java.util.concurrent.ThreadPoolExecutor$Worker.run(ThreadPoolExecutor.java:630)
at java.base/java.lang.Thread.run(Thread.java:831)
]]>
    </failure>
  </testcase> <!-- MergeLeadTest -->
  <testcase classname="week5.day2.testngtest.assignmenet.leaftaps.DeleteLeadsLeafTaps" name="DeleteLeadTest" time="12.967"/>
  <testcase classname="week5.day2.testngtest.assignmenet.leaftaps.DuplicateLeadsLeafTaps" name="Dulpicate" time="29.733"/>
  <testcase classname="week5.day2.testngtest.assignmenet.leaftaps.BaseClassLeafTaps" name="@BeforeSuite preConditionsSuite" time="0.0">
    <ignored/>
  </testcase> <!-- @BeforeSuite preConditionsSuite -->
  <testcase classname="week5.day2.testngtest.assignmenet.leaftaps.BaseClassLeafTaps" name="@BeforeSuite preConditionsSuite" time="0.0">
    <ignored/>
  </testcase> <!-- @BeforeSuite preConditionsSuite -->
  <testcase classname="week5.day2.testngtest.assignmenet.leaftaps.BaseClassLeafTaps" name="@BeforeSuite preConditionsSuite" time="0.0">
    <ignored/>
  </testcase> <!-- @BeforeSuite preConditionsSuite -->
  <testcase classname="week5.day2.testngtest.assignmenet.leaftaps.BaseClassLeafTaps" name="@BeforeSuite preConditionsSuite" time="0.0">
    <ignored/>
  </testcase> <!-- @BeforeSuite preConditionsSuite -->
  <testcase classname="week5.day2.testngtest.assignmenet.leaftaps.BaseClassLeafTaps" name="@AfterSuite postConditionsSuite" time="0.0">
    <ignored/>
  </testcase> <!-- @AfterSuite postConditionsSuite -->
  <testcase classname="week5.day2.testngtest.assignmenet.leaftaps.BaseClassLeafTaps" name="@AfterSuite postConditionsSuite" time="0.0">
    <ignored/>
  </testcase> <!-- @AfterSuite postConditionsSuite -->
  <testcase classname="week5.day2.testngtest.assignmenet.leaftaps.BaseClassLeafTaps" name="@AfterSuite postConditionsSuite" time="0.0">
    <ignored/>
  </testcase> <!-- @AfterSuite postConditionsSuite -->
  <testcase classname="week5.day2.testngtest.assignmenet.leaftaps.BaseClassLeafTaps" name="@AfterSuite postConditionsSuite" time="0.0">
    <ignored/>
  </testcase> <!-- @AfterSuite postConditionsSuite -->
</testsuite> <!-- TestLeafTaps -->
